<?xml version="1.0" encoding="UTF-8"?>
<!-- Generated by org.testng.reporters.JUnitReportReporter -->
<testsuite hostname="kalyanis-MacBook-Pro.local" failures="0" tests="1" name="testScripts.FlipkartProductTest" time="19.812" errors="0" timestamp="2022-03-19T14:34:41 IST" skipped="0">
  <testcase classname="testScripts.FlipkartProductTest" name="firstTestCase" time="19.812"/>
  <system-out/>
</testsuite> <!-- testScripts.FlipkartProductTest -->
