<?xml version="1.0" encoding="UTF-8"?>
<!-- Generated by org.testng.reporters.JUnitReportReporter -->
<testsuite hostname="Chaya-TS-0025.local" failures="0" tests="1" name="testScripts.FlipkartProductTest" time="13.169" errors="0" timestamp="2022-03-19T09:44:03 IST" skipped="0">
  <testcase classname="testScripts.FlipkartProductTest" name="firstTestCase" time="13.169"/>
</testsuite> <!-- testScripts.FlipkartProductTest -->
